<?xml version="1.0" encoding="UTF-8"?>
<testsuite xmlns:xsi="http://www.w3.org/2001/XMLSchema-instance" xsi:noNamespaceSchemaLocation="https://maven.apache.org/surefire/maven-surefire-plugin/xsd/surefire-test-report-3.0.xsd" version="3.0" name="com.aicontrolplane.gateway.api.HealthControllerTest" time="1.005" tests="1" errors="0" skipped="0" failures="0">
  <properties>
[...]
</properties>
  <testcase name="health_returns_200_with_status_ok" classname="com.aicontrolplane.gateway.api.HealthControllerTest" time="0.375">
    <system-out><![CDATA[14:28:05.829 [main] INFO org.springframework.test.context.support.AnnotationConfigContextLoaderUtils -- Could not detect default configuration classes for test class [com.aicontrolplane.gateway.api.HealthControllerTest]: HealthControllerTest does not declare any static, non-private, non-final, nested classes annotated with @Configuration.
14:28:05.869 [main] INFO org.springframework.boot.test.context.SpringBootTestContextBootstrapper -- Found @SpringBootConfiguration com.aicontrolplane.gateway.GatewayApplication for test class com.aicontrolplane.gateway.api.HealthControllerTest

  .   ____          _            __ _ _
 /\\ / ___'_ __ _ _(_)_ __  __ _ \ \ \ \
( ( )\___ | '_ | '_| | '_ \/ _` | \ \ \ \
 \\/  ___)| |_)| | | | | || (_| |  ) ) ) )
  '  |____| .__|_| |_|_| |_\__, | / / / /
 =========|_|==============|___/=/_/_/_/

 :: Spring Boot ::                (v3.3.6)

{"timestamp":"2026-07-09T14:28:06.058329-07:00","@version":"1","message":"HV000001: Hibernate Validator 8.0.1.Final","logger":"org.hibernate.validator.internal.util.Version","thread":"background-preinit","level":"INFO","level_value":20000}
{"timestamp":"2026-07-09T14:28:06.06912-07:00","@version":"1","message":"Starting HealthControllerTest using Java 21.0.11 with PID 39048 (started by sarojyadav in /Users/sarojyadav/Documents/New project/ai-control-plane-initial/implementation/gateway)","logger":"com.aicontrolplane.gateway.api.HealthControllerTest","thread":"main","level":"INFO","level_value":20000}
{"timestamp":"2026-07-09T14:28:06.069494-07:00","@version":"1","message":"No active profile set, falling back to 1 default profile: \"default\"","logger":"com.aicontrolplane.gateway.api.HealthControllerTest","thread":"main","level":"INFO","level_value":20000}
{"timestamp":"2026-07-09T14:28:06.389708-07:00","@version":"1","message":"Initializing Spring TestDispatcherServlet ''","logger":"org.springframework.boot.test.mock.web.SpringBootMockServletContext","thread":"main","level":"INFO","level_value":20000}
{"timestamp":"2026-07-09T14:28:06.389941-07:00","@version":"1","message":"Initializing Servlet ''","logger":"org.springframework.test.web.servlet.TestDispatcherServlet","thread":"main","level":"INFO","level_value":20000}
{"timestamp":"2026-07-09T14:28:06.390422-07:00","@version":"1","message":"Completed initialization in 1 ms","logger":"org.springframework.test.web.servlet.TestDispatcherServlet","thread":"main","level":"INFO","level_value":20000}
{"timestamp":"2026-07-09T14:28:06.397168-07:00","@version":"1","message":"Started HealthControllerTest in 0.49 seconds (process running for 0.774)","logger":"com.aicontrolplane.gateway.api.HealthControllerTest","thread":"main","level":"INFO","level_value":20000}
]]></system-out>
    <system-err><![CDATA[WARNING: A Java agent has been loaded dynamically (/Users/sarojyadav/.m2/repository/net/bytebuddy/byte-buddy-agent/1.14.19/byte-buddy-agent-1.14.19.jar)
WARNING: If a serviceability tool is in use, please run with -XX:+EnableDynamicAgentLoading to hide this warning
WARNING: If a serviceability tool is not in use, please run with -Djdk.instrument.traceUsage for more information
WARNING: Dynamic loading of agents will be disallowed by default in a future release
]]></system-err>
  </testcase>
</testsuite>